Using pre-set license

 COMMAND LINE ARGUMENTS:
/Applications/Unity/Hub/Editor/2020.3.0f1/Unity.app/Contents/MacOS/Unity
-adb2
-batchMode
-noUpm
-name
AssetImportWorker0
-projectPath
/Users/kawachi/Documents/GoForwardUnityChan
-logFile
Logs/AssetImportWorker0.log
-srvPort
58867
Successfully changed project path to: /Users/kawachi/Documents/GoForwardUnityChan
/Users/kawachi/Documents/GoForwardUnityChan
Using Asset Import Pipeline V2.
Refreshing native plugins compatible for Editor in 45.32 ms, found 2 plugins.
Preloading 0 native plugins for Editor in 0.00 ms.
Initialize engine version: 2020.3.0f1 (c7b5465681fb)
[Subsystems] Discovering subsystems at path /Applications/Unity/Hub/Editor/2020.3.0f1/Unity.app/Contents/Resources/UnitySubsystems
[Subsystems] Discovering subsystems at path /Users/kawachi/Documents/GoForwardUnityChan/Assets
GfxDevice: creating device client; threaded=0
2021-08-10 13:01:37.378 Unity[32708:2355803] Color LCD preferred device: Intel(R) Iris(TM) Plus Graphics (low power)
2021-08-10 13:01:37.378 Unity[32708:2355803] Metal devices available: 1
2021-08-10 13:01:37.378 Unity[32708:2355803] 0: Intel(R) Iris(TM) Plus Graphics (low power)
2021-08-10 13:01:37.378 Unity[32708:2355803] Using device Intel(R) Iris(TM) Plus Graphics (low power)
Initializing Metal device caps: Intel(R) Iris(TM) Plus Graphics
Initialize mono
Mono path[0] = '/Applications/Unity/Hub/Editor/2020.3.0f1/Unity.app/Contents/Managed'
Mono path[1] = '/Applications/Unity/Hub/Editor/2020.3.0f1/Unity.app/Contents/MonoBleedingEdge/lib/mono/unityjit'
Mono config path = '/Applications/Unity/Hub/Editor/2020.3.0f1/Unity.app/Contents/MonoBleedingEdge/etc'
Using monoOptions --debugger-agent=transport=dt_socket,embedding=1,server=y,suspend=n,address=127.0.0.1:56708
Begin MonoManager ReloadAssembly
Registering precompiled unity dll's ...
Register platform support module: /Applications/Unity/Hub/Editor/2020.3.0f1/Unity.app/Contents/PlaybackEngines/MacStandaloneSupport/UnityEditor.OSXStandalone.Extensions.dll
Registered in 0.002619 seconds.
Native extension for OSXStandalone target not found
Refreshing native plugins compatible for Editor in 43.85 ms, found 2 plugins.
Preloading 0 native plugins for Editor in 0.00 ms.
Invoked RoslynAnalysisRunner static constructor.
RoslynAnalysisRunner will not be running.
RoslynAnalysisRunner has terminated.
Mono: successfully reloaded assembly
- Completed reload, in  3.025 seconds
Platform modules already initialized, skipping
Registering precompiled user dll's ...
Registered in 0.001729 seconds.
Begin MonoManager ReloadAssembly
Native extension for OSXStandalone target not found
Refreshing native plugins compatible for Editor in 43.47 ms, found 2 plugins.
Preloading 0 native plugins for Editor in 0.00 ms.
Invoked RoslynAnalysisRunner static constructor.
RoslynAnalysisRunner will not be running.
RoslynAnalysisRunner has terminated.
Mono: successfully reloaded assembly
- Completed reload, in  1.400 seconds
Platform modules already initialized, skipping
========================================================================
Worker process is ready to serve import requests
Launching external process: /Applications/Unity/Hub/Editor/2020.3.0f1/Unity.app/Contents/Tools/UnityShaderCompiler
Launched and connected shader compiler UnityShaderCompiler after 0.02 seconds
Refreshing native plugins compatible for Editor in 0.31 ms, found 2 plugins.
Preloading 0 native plugins for Editor in 0.00 ms.
Unloading 1812 Unused Serialized files (Serialized files now loaded: 0)
System memory in use before: 145.6 MB.
System memory in use after: 145.5 MB.

Unloading 24 unused Assets to reduce memory usage. Loaded Objects now: 2254.
Total: 2.575813 ms (FindLiveObjects: 0.260844 ms CreateObjectMapping: 0.137278 ms MarkObjects: 2.035029 ms  DeleteObjects: 0.141244 ms)

========================================================================
Received Import Request.
  path: Assets/CubePrefab.prefab
  artifactKey: Guid(d6605d6e38b874be0b5b02ae23a33a1a) Importer(815301076,1909f56bfc062723c751e8b465ee728b)
Start importing Assets/CubePrefab.prefab using Guid(d6605d6e38b874be0b5b02ae23a33a1a) Importer(815301076,1909f56bfc062723c751e8b465ee728b)  -> (artifact id: '40a3814ada5096f11a4e84ab042648f7') in 1.305137 seconds
  Import took 1.311413 seconds .

========================================================================
Received Import Request.
  Time since last request: 0.003334 seconds.
  path: Assets/CubePrefab.prefab
  artifactKey: Guid(d6605d6e38b874be0b5b02ae23a33a1a) Importer(815301076,1909f56bfc062723c751e8b465ee728b)
Start importing Assets/CubePrefab.prefab using Guid(d6605d6e38b874be0b5b02ae23a33a1a) Importer(815301076,1909f56bfc062723c751e8b465ee728b)  -> (artifact id: '40a3814ada5096f11a4e84ab042648f7') in 0.009570 seconds
  Import took 0.015148 seconds .

========================================================================
Received Import Request.
  Time since last request: 3.395925 seconds.
  path: Assets/CubePrefab.prefab
  artifactKey: Guid(d6605d6e38b874be0b5b02ae23a33a1a) Importer(815301076,1909f56bfc062723c751e8b465ee728b)
Start importing Assets/CubePrefab.prefab using Guid(d6605d6e38b874be0b5b02ae23a33a1a) Importer(815301076,1909f56bfc062723c751e8b465ee728b)  -> (artifact id: '71fe9851d2eb8dc4672f66440d2af69b') in 0.009253 seconds
  Import took 0.015005 seconds .

========================================================================
Received Import Request.
  Time since last request: 0.017142 seconds.
  path: Assets/CubePrefab.prefab
  artifactKey: Guid(d6605d6e38b874be0b5b02ae23a33a1a) Importer(815301076,1909f56bfc062723c751e8b465ee728b)
Start importing Assets/CubePrefab.prefab using Guid(d6605d6e38b874be0b5b02ae23a33a1a) Importer(815301076,1909f56bfc062723c751e8b465ee728b)  -> (artifact id: '71fe9851d2eb8dc4672f66440d2af69b') in 0.009755 seconds
  Import took 0.013707 seconds .

========================================================================
Received Import Request.
  Time since last request: 24.821572 seconds.
  path: Assets/CubePrefab.prefab
  artifactKey: Guid(d6605d6e38b874be0b5b02ae23a33a1a) Importer(815301076,1909f56bfc062723c751e8b465ee728b)
Start importing Assets/CubePrefab.prefab using Guid(d6605d6e38b874be0b5b02ae23a33a1a) Importer(815301076,1909f56bfc062723c751e8b465ee728b)  -> (artifact id: '02a0edf5f091971544c3e8d1623c86b0') in 0.009647 seconds
  Import took 0.013970 seconds .

========================================================================
Received Import Request.
  Time since last request: 0.020897 seconds.
  path: Assets/CubePrefab.prefab
  artifactKey: Guid(d6605d6e38b874be0b5b02ae23a33a1a) Importer(815301076,1909f56bfc062723c751e8b465ee728b)
Start importing Assets/CubePrefab.prefab using Guid(d6605d6e38b874be0b5b02ae23a33a1a) Importer(815301076,1909f56bfc062723c751e8b465ee728b)  -> (artifact id: '02a0edf5f091971544c3e8d1623c86b0') in 0.009550 seconds
  Import took 0.014024 seconds .

========================================================================
Received Import Request.
  Time since last request: 72.829872 seconds.
  path: ProjectSettings/TagManager.asset
  artifactKey: Guid(00000000000000003000000000000000) Importer(815301076,1909f56bfc062723c751e8b465ee728b)
Start importing ProjectSettings/TagManager.asset using Guid(00000000000000003000000000000000) Importer(815301076,1909f56bfc062723c751e8b465ee728b)  -> (artifact id: '779d5949113fa91bb85f64f090860d93') in 0.391940 seconds
  Import took 0.396983 seconds .

========================================================================
Received Import Request.
  Time since last request: 49.703808 seconds.
  path: Assets/CubePrefab.prefab
  artifactKey: Guid(d6605d6e38b874be0b5b02ae23a33a1a) Importer(815301076,1909f56bfc062723c751e8b465ee728b)
Start importing Assets/CubePrefab.prefab using Guid(d6605d6e38b874be0b5b02ae23a33a1a) Importer(815301076,1909f56bfc062723c751e8b465ee728b)  -> (artifact id: '9e2c42d24521e0510163c9ea35dcc5f2') in 0.010015 seconds
  Import took 0.014581 seconds .

========================================================================
Received Import Request.
  Time since last request: 0.021634 seconds.
  path: Assets/CubePrefab.prefab
  artifactKey: Guid(d6605d6e38b874be0b5b02ae23a33a1a) Importer(815301076,1909f56bfc062723c751e8b465ee728b)
Start importing Assets/CubePrefab.prefab using Guid(d6605d6e38b874be0b5b02ae23a33a1a) Importer(815301076,1909f56bfc062723c751e8b465ee728b)  -> (artifact id: '9e2c42d24521e0510163c9ea35dcc5f2') in 0.008857 seconds
  Import took 0.014045 seconds .

========================================================================
Received Import Request.
  Time since last request: 245.528853 seconds.
  path: Assets/CubeController.cs
  artifactKey: Guid(b2e87efb0c72a46299bb99b200925e64) Importer(815301076,1909f56bfc062723c751e8b465ee728b)
Start importing Assets/CubeController.cs using Guid(b2e87efb0c72a46299bb99b200925e64) Importer(815301076,1909f56bfc062723c751e8b465ee728b)  -> (artifact id: '09a8d16c24b18ae2437c45cfeb01be2e') in 0.541194 seconds
  Import took 0.546077 seconds .

========================================================================
Received Import Request.
  Time since last request: 2282.571700 seconds.
  path: Assets/CubeController.cs
  artifactKey: Guid(b2e87efb0c72a46299bb99b200925e64) Importer(815301076,1909f56bfc062723c751e8b465ee728b)
Start importing Assets/CubeController.cs using Guid(b2e87efb0c72a46299bb99b200925e64) Importer(815301076,1909f56bfc062723c751e8b465ee728b)  -> (artifact id: 'd3cbbf8c53163f5d4c333665e0551526') in 0.003479 seconds
  Import took 0.008227 seconds .

========================================================================
Received Prepare
Registering precompiled user dll's ...
Registered in 0.001094 seconds.
Begin MonoManager ReloadAssembly
Native extension for OSXStandalone target not found
Refreshing native plugins compatible for Editor in 0.36 ms, found 2 plugins.
Preloading 0 native plugins for Editor in 0.00 ms.
Invoked RoslynAnalysisRunner static constructor.
RoslynAnalysisRunner will not be running.
RoslynAnalysisRunner has terminated.
Mono: successfully reloaded assembly
- Completed reload, in  0.996 seconds
Platform modules already initialized, skipping
Switching build target platform(2) subTarget(0) extendedPlatform(0) -> platform(9) subTarget(16777218) extendedPlatform(0)
Refreshing native plugins compatible for Editor in 0.42 ms, found 2 plugins.
Preloading 0 native plugins for Editor in 0.00 ms.
Unloading 1810 Unused Serialized files (Serialized files now loaded: 0)
System memory in use before: 162.0 MB.
System memory in use after: 162.0 MB.

Unloading 13 unused Assets to reduce memory usage. Loaded Objects now: 2265.
Total: 2.156902 ms (FindLiveObjects: 0.219071 ms CreateObjectMapping: 0.072086 ms MarkObjects: 1.753732 ms  DeleteObjects: 0.110128 ms)

AssetImportParameters requested are different than current active one (requested -> active):
  custom:graphics/normal-map-encoding: 01000000000000000000000000000000 -> 02000000000000000000000000000000
========================================================================
Received Prepare
Registering precompiled user dll's ...
Registered in 0.001679 seconds.
Begin MonoManager ReloadAssembly
Native extension for OSXStandalone target not found
Refreshing native plugins compatible for Editor in 0.37 ms, found 2 plugins.
Preloading 0 native plugins for Editor in 0.00 ms.
Invoked RoslynAnalysisRunner static constructor.
RoslynAnalysisRunner will not be running.
RoslynAnalysisRunner has terminated.
Mono: successfully reloaded assembly
- Completed reload, in  1.173 seconds
Platform modules already initialized, skipping
Switching build target platform(2) subTarget(0) extendedPlatform(0) -> platform(9) subTarget(16777218) extendedPlatform(0)
Refreshing native plugins compatible for Editor in 0.31 ms, found 2 plugins.
Preloading 0 native plugins for Editor in 0.00 ms.
Unloading 1810 Unused Serialized files (Serialized files now loaded: 0)
System memory in use before: 162.3 MB.
System memory in use after: 162.3 MB.

Unloading 12 unused Assets to reduce memory usage. Loaded Objects now: 2269.
Total: 1.994207 ms (FindLiveObjects: 0.198626 ms CreateObjectMapping: 0.059362 ms MarkObjects: 1.630494 ms  DeleteObjects: 0.102886 ms)

AssetImportParameters requested are different than current active one (requested -> active):
  custom:graphics/normal-map-encoding: 01000000000000000000000000000000 -> 02000000000000000000000000000000
========================================================================
Received Prepare
Registering precompiled user dll's ...
Registered in 0.001180 seconds.
Begin MonoManager ReloadAssembly
Native extension for OSXStandalone target not found
Refreshing native plugins compatible for Editor in 0.56 ms, found 2 plugins.
Preloading 0 native plugins for Editor in 0.00 ms.
Invoked RoslynAnalysisRunner static constructor.
RoslynAnalysisRunner will not be running.
RoslynAnalysisRunner has terminated.
Mono: successfully reloaded assembly
- Completed reload, in  0.949 seconds
Platform modules already initialized, skipping
Switching build target platform(2) subTarget(0) extendedPlatform(0) -> platform(9) subTarget(16777218) extendedPlatform(0)
Refreshing native plugins compatible for Editor in 0.38 ms, found 2 plugins.
Preloading 0 native plugins for Editor in 0.00 ms.
Unloading 1810 Unused Serialized files (Serialized files now loaded: 0)
System memory in use before: 162.5 MB.
System memory in use after: 162.5 MB.

Unloading 12 unused Assets to reduce memory usage. Loaded Objects now: 2273.
Total: 2.269074 ms (FindLiveObjects: 0.314863 ms CreateObjectMapping: 0.101347 ms MarkObjects: 1.733751 ms  DeleteObjects: 0.117261 ms)

AssetImportParameters requested are different than current active one (requested -> active):
  custom:graphics/normal-map-encoding: 01000000000000000000000000000000 -> 02000000000000000000000000000000
========================================================================
Received Prepare
Registering precompiled user dll's ...
Registered in 0.000612 seconds.
Begin MonoManager ReloadAssembly
Native extension for OSXStandalone target not found
Refreshing native plugins compatible for Editor in 0.31 ms, found 2 plugins.
Preloading 0 native plugins for Editor in 0.00 ms.
Invoked RoslynAnalysisRunner static constructor.
RoslynAnalysisRunner will not be running.
RoslynAnalysisRunner has terminated.
Mono: successfully reloaded assembly
- Completed reload, in  1.088 seconds
Platform modules already initialized, skipping
Switching build target platform(2) subTarget(0) extendedPlatform(0) -> platform(9) subTarget(16777218) extendedPlatform(0)
Refreshing native plugins compatible for Editor in 0.37 ms, found 2 plugins.
Preloading 0 native plugins for Editor in 0.00 ms.
Unloading 1810 Unused Serialized files (Serialized files now loaded: 0)
System memory in use before: 162.7 MB.
System memory in use after: 162.7 MB.

Unloading 12 unused Assets to reduce memory usage. Loaded Objects now: 2277.
Total: 1.927080 ms (FindLiveObjects: 0.233669 ms CreateObjectMapping: 0.062317 ms MarkObjects: 1.527448 ms  DeleteObjects: 0.102241 ms)

AssetImportParameters requested are different than current active one (requested -> active):
  custom:graphics/normal-map-encoding: 01000000000000000000000000000000 -> 02000000000000000000000000000000
========================================================================
Received Prepare
Registering precompiled user dll's ...
Registered in 0.000828 seconds.
Begin MonoManager ReloadAssembly
Native extension for OSXStandalone target not found
Refreshing native plugins compatible for Editor in 0.32 ms, found 2 plugins.
Preloading 0 native plugins for Editor in 0.00 ms.
Invoked RoslynAnalysisRunner static constructor.
RoslynAnalysisRunner will not be running.
RoslynAnalysisRunner has terminated.
Mono: successfully reloaded assembly
- Completed reload, in  1.024 seconds
Platform modules already initialized, skipping
Switching build target platform(2) subTarget(0) extendedPlatform(0) -> platform(9) subTarget(16777218) extendedPlatform(0)
Refreshing native plugins compatible for Editor in 0.31 ms, found 2 plugins.
Preloading 0 native plugins for Editor in 0.00 ms.
Unloading 1810 Unused Serialized files (Serialized files now loaded: 0)
System memory in use before: 162.9 MB.
System memory in use after: 162.9 MB.

Unloading 12 unused Assets to reduce memory usage. Loaded Objects now: 2281.
Total: 2.829747 ms (FindLiveObjects: 0.393915 ms CreateObjectMapping: 0.094220 ms MarkObjects: 2.163934 ms  DeleteObjects: 0.173019 ms)

AssetImportParameters requested are different than current active one (requested -> active):
  custom:graphics/normal-map-encoding: 01000000000000000000000000000000 -> 02000000000000000000000000000000
========================================================================
Received Prepare
Registering precompiled user dll's ...
Registered in 0.000587 seconds.
Begin MonoManager ReloadAssembly
Native extension for OSXStandalone target not found
Refreshing native plugins compatible for Editor in 0.36 ms, found 2 plugins.
Preloading 0 native plugins for Editor in 0.00 ms.
Invoked RoslynAnalysisRunner static constructor.
RoslynAnalysisRunner will not be running.
RoslynAnalysisRunner has terminated.
Mono: successfully reloaded assembly
- Completed reload, in  1.015 seconds
Platform modules already initialized, skipping
Switching build target platform(2) subTarget(0) extendedPlatform(0) -> platform(9) subTarget(16777218) extendedPlatform(0)
Refreshing native plugins compatible for Editor in 0.32 ms, found 2 plugins.
Preloading 0 native plugins for Editor in 0.00 ms.
Unloading 1810 Unused Serialized files (Serialized files now loaded: 0)
System memory in use before: 163.1 MB.
System memory in use after: 163.1 MB.

Unloading 12 unused Assets to reduce memory usage. Loaded Objects now: 2285.
Total: 2.530895 ms (FindLiveObjects: 0.235089 ms CreateObjectMapping: 0.168141 ms MarkObjects: 2.016237 ms  DeleteObjects: 0.109729 ms)

AssetImportParameters requested are different than current active one (requested -> active):
  custom:graphics/normal-map-encoding: 01000000000000000000000000000000 -> 02000000000000000000000000000000
========================================================================
Received Prepare
Registering precompiled user dll's ...
Registered in 0.001691 seconds.
Begin MonoManager ReloadAssembly
Native extension for OSXStandalone target not found
Refreshing native plugins compatible for Editor in 0.36 ms, found 2 plugins.
Preloading 0 native plugins for Editor in 0.00 ms.
Invoked RoslynAnalysisRunner static constructor.
RoslynAnalysisRunner will not be running.
RoslynAnalysisRunner has terminated.
Mono: successfully reloaded assembly
- Completed reload, in  1.082 seconds
Platform modules already initialized, skipping
Switching build target platform(2) subTarget(0) extendedPlatform(0) -> platform(9) subTarget(16777218) extendedPlatform(0)
Refreshing native plugins compatible for Editor in 0.31 ms, found 2 plugins.
Preloading 0 native plugins for Editor in 0.00 ms.
Unloading 1810 Unused Serialized files (Serialized files now loaded: 0)
System memory in use before: 163.3 MB.
System memory in use after: 163.3 MB.

Unloading 12 unused Assets to reduce memory usage. Loaded Objects now: 2289.
Total: 2.699974 ms (FindLiveObjects: 0.346208 ms CreateObjectMapping: 0.118469 ms MarkObjects: 2.117317 ms  DeleteObjects: 0.115876 ms)

AssetImportParameters requested are different than current active one (requested -> active):
  custom:graphics/normal-map-encoding: 01000000000000000000000000000000 -> 02000000000000000000000000000000
AssetImportWorkerClient::OnTransportError - code=2 error=End of file
